NAME    : ADWAITH RAJ
CLASS   : S5 CS
ROLL NO : 5

EXPERIMENT NO - 16
PALINDROME

Microsoft (R) Macro Assembler Version 5.00                  9/12/24 15:17:34
                                                             Page     1-1


				ASSUME CS:CODE, DS:DATA 
				 
 0000				DATA SEGMENT  
 0000  0A 0D 45 4E 54 45 52	    MSG1 DB 0AH,0DH,"ENTER STRING:$" 
       20 53 54 52 49 4E 47	
       3A 24			
 0010  0A 0D 50 41 4C 49 4E	    MSG2 DB 0AH,0DH,"PALINDROME$" 
       44 52 4F 4D 45 24	
 001D  0A 0D 4E 4F 54 20 41	    MSG3 DB 0AH,0DH,"NOT A PALINDROME$" 
       20 50 41 4C 49 4E 44	
       52 4F 4D 45 24		
 0030  FF			    BUFFER DB 255 
 0031				DATA ENDS 
				 
 0000				CODE SEGMENT 
 0000				START: 
 0000  B8 ---- R		    MOV AX, DATA 
 0003  8E D8			    MOV DS, AX 
 0005  8D 16 0000 R		    LEA DX, MSG1 
 0009  B4 09			    MOV AH, 09H 
 000B  CD 21			    INT 21H 
 000D  B4 0A			    MOV AH, 0AH 
 000F  8D 16 0030 R		    LEA DX, BUFFER 
 0013  CD 21			    INT 21H 
 0015  33 C9			    XOR CX, CX 
 0017  8A 0E 0031 R		    MOV CL, [BUFFER+1] 
 001B  FE C9			    DEC CL                 
 001D  33 DB			    XOR BX, BX             
 001F  8B F1			    MOV SI,CL             
pal.asm(24): warning A4031: Operand types must match
 0021				CHECK_LOOP: 
 0021  8A 87 0032 R		    MOV AL, [BUFFER+2+BX] 
 0025  8A A4 0032 R		    MOV AH, [BUFFER+2+SI]  
 0029  3A C4			    CMP AL, AH             
 002B  75 08			    JNE NOT_PALINDROME     
 002D  43			    INC BX 
 002E  4E			    DEC SI 
 002F  3B DE			    CMP BX, SI 
 0031  7D 0D			    JGE PALINDROME         
 0033  EB EC			    JMP CHECK_LOOP 
				 
 0035				NOT_PALINDROME: 
 0035  8D 16 001D R		    LEA DX, MSG3 
 0039  B4 09			    MOV AH, 09H 
 003B  CD 21			    INT 21H 
 003D  EB 09 90			    JMP EXIT 
				 
 0040				PALINDROME: 
 0040  8D 16 0010 R		    LEA DX, MSG2 
 0044  B4 09			    MOV AH, 09H 
 0046  CD 21			    INT 21H 
				 
 0048				EXIT: 
 0048  B4 4C			    MOV AH, 4CH 
Microsoft (R) Macro Assembler Version 5.00                  9/12/24 15:17:34
                                                             Page     1-2


 004A  CD 21			    INT 21H 
				 
 004C				CODE ENDS 
				END START 
Microsoft (R) Macro Assembler Version 5.00                  9/12/24 15:17:34
                                                             Symbols-1


Segments and Groups:

                N a m e         	Length	 Align	Combine Class

CODE . . . . . . . . . . . . . .  	004C	PARA	NONE	
DATA . . . . . . . . . . . . . .  	0031	PARA	NONE	

Symbols:            

                N a m e         	Type	 Value	 Attr

BUFFER . . . . . . . . . . . . .  	L BYTE	0030	DATA

CHECK_LOOP . . . . . . . . . . .  	L NEAR	0021	CODE

EXIT . . . . . . . . . . . . . .  	L NEAR	0048	CODE

MSG1 . . . . . . . . . . . . . .  	L BYTE	0000	DATA
MSG2 . . . . . . . . . . . . . .  	L BYTE	0010	DATA
MSG3 . . . . . . . . . . . . . .  	L BYTE	001D	DATA

NOT_PALINDROME . . . . . . . . .  	L NEAR	0035	CODE

PALINDROME . . . . . . . . . . .  	L NEAR	0040	CODE

START  . . . . . . . . . . . . .  	L NEAR	0000	CODE

@FILENAME  . . . . . . . . . . .  	TEXT  pal		


     52 Source  Lines
     52 Total   Lines
     13 Symbols

  51076 + 465468 Bytes symbol space free

      0 Warning Errors
      0 Severe  Errors
