NAME    : ADWAITH RAJ
CLASS   : S5 CS
ROLL NO : 5

EXPERIMENT NO - 12
LARGEST AND SMALLEST NUMBER

Microsoft (R) Macro Assembler Version 5.00                  9/3/24 11:18:24
                                                             Page     1-1


				ASSUME CS:CODE,DS:DATA 
 0000				DATA SEGMENT 
 0000  1000[			       ARR DB 1000H DUP (?) 
	    ??			
			 ]	
				
 1000  ??			       LEN DB ? 
 1001  00			       LARGE DB 00H 
 1002  FF			       SMALL DB 0FFH 
 1003  0A 0D 45 4E 54 45 52	       MSG1 DB 0AH,0DH,"ENTER LENGTH:$" 
       20 4C 45 4E 47 54 48	
       3A 24			
 1013  0A 0D 45 4E 54 45 52	       MSG2 DB 0AH,0DH,"ENTER NUMBERS:$" 
       20 4E 55 4D 42 45 52	
       53 3A 24			
 1024  0A 0D 53 4D 41 4C 4C	       MSG3 DB 0AH,0DH,"SMALL:$" 
       3A 24			
 102D  0A 0D 4C 41 52 47 45	       MSG4 DB 0AH,0DH,"LARGE:$" 
       3A 24			
 1036				DATA ENDS 
 0000				CODE SEGMENT 
 0000				START:  
 0000  B8 ---- R		               MOV AX,DATA 
 0003  8E D8			               MOV DS,AX               
 0005  8D 16 1003 R		               LEA DX,MSG1 
 0009  B4 09			               MOV AH,09H 
 000B  CD 21			               INT 21H                
 000D  B4 01			               MOV AH,01H 
 000F  CD 21			               INT 21H                
 0011  B4 00			               MOV AH,00H 
 0013  04 00			               ADD AL,00H 
 0015  37			               AAA                
 0016  A2 1000 R		               MOV LEN,AL 
 0019  8D 36 0000 R		               LEA SI,ARR                
 001D  8A 0E 1000 R		               MOV CL,LEN 
 0021  B5 00			               MOV CH,00H                
 0023  8D 16 1013 R		               LEA DX,MSG2 
 0027  B4 09			               MOV AH,09H 
 0029  CD 21			               INT 21H                
 002B  B4 01			INPUT_LOOP:    MOV AH,01H 
 002D  CD 21			               INT 21H 
 002F  88 04			    		   MOV [SI],AL 
 0031  46			     		   INC SI 
 0032  E2 F7						   LOOP INPUT_LOOP   
 0034  8D 36 0000 R		    		   LEA SI,ARR 
 0038  8A 0E 1000 R		       		   MOV CL,LEN 
 003C  8A 84 0000 R		LOOP1: 		   MOV AL,ARR[SI] 
 0040  38 06 1001 R					   CMP LARGE,AL 
 0044  73 03						   JNC SMC 
 0046  A2 1001 R					   MOV LARGE,AL 
 0049  38 06 1002 R		SMC:   		   CMP SMALL,AL 
 004D  72 03						   JC LABEL1 
 004F  A2 1002 R					   MOV SMALL,AL 
 0052  46			LABEL1:		   INC SI 
Microsoft (R) Macro Assembler Version 5.00                  9/3/24 11:18:24
                                                             Page     1-2


 0053  E2 E7						   LOOP LOOP1 
 0055  8D 16 1024 R			           LEA DX,MSG3 
 0059  B4 09			               MOV AH,09H 
 005B  CD 21			               INT 21H 
 005D  8A 16 1002 R		               MOV DL,SMALL 
 0061  B4 02			               MOV AH,02H 
 0063  CD 21			               INT 21H 
 0065  8D 16 102D R		               LEA DX,MSG4 
 0069  B4 09			               MOV AH,09H 
 006B  CD 21			               INT 21H 
 006D  8A 16 1001 R		               MOV DL,LARGE 
 0071  B4 02			               MOV AH,02H 
 0073  CD 21			               INT 21H 
 0075  B4 4C			               MOV AH,4CH 
 0077  CD 21			               INT 21H 
 0079				CODE ENDS 
				END START 
Microsoft (R) Macro Assembler Version 5.00                  9/3/24 11:18:24
                                                             Symbols-1


Segments and Groups:

                N a m e         	Length	 Align	Combine Class

CODE . . . . . . . . . . . . . .  	0079	PARA	NONE	
DATA . . . . . . . . . . . . . .  	1036	PARA	NONE	

Symbols:            

                N a m e         	Type	 Value	 Attr

ARR  . . . . . . . . . . . . . .  	L BYTE	0000	DATA	Length = 1000

INPUT_LOOP . . . . . . . . . . .  	L NEAR	002B	CODE

LABEL1 . . . . . . . . . . . . .  	L NEAR	0052	CODE
LARGE  . . . . . . . . . . . . .  	L BYTE	1001	DATA
LEN  . . . . . . . . . . . . . .  	L BYTE	1000	DATA
LOOP1  . . . . . . . . . . . . .  	L NEAR	003C	CODE

MSG1 . . . . . . . . . . . . . .  	L BYTE	1003	DATA
MSG2 . . . . . . . . . . . . . .  	L BYTE	1013	DATA
MSG3 . . . . . . . . . . . . . .  	L BYTE	1024	DATA
MSG4 . . . . . . . . . . . . . .  	L BYTE	102D	DATA

SMALL  . . . . . . . . . . . . .  	L BYTE	1002	DATA
SMC  . . . . . . . . . . . . . .  	L NEAR	0049	CODE
START  . . . . . . . . . . . . .  	L NEAR	0000	CODE

@FILENAME  . . . . . . . . . . .  	TEXT  lar		


     62 Source  Lines
     62 Total   Lines
     17 Symbols

  51074 + 465470 Bytes symbol space free

      0 Warning Errors
      0 Severe  Errors
